<?xml version="1.0" encoding="UTF-8"?>
<testng-results ignored="0" total="1" passed="1" failed="0" skipped="0">
  <reporter-output>
  </reporter-output>
  <suite started-at="2024-08-06T23:41:09 IST" name="Default suite" finished-at="2024-08-06T23:41:15 IST" duration-ms="6771">
    <groups>
    </groups>
    <test started-at="2024-08-06T23:41:09 IST" name="Default test" finished-at="2024-08-06T23:41:15 IST" duration-ms="6771">
      <class name="pages.RunnerClass">
        <test-method is-config="true" signature="openBrowser()[pri:0, instance:pages.RunnerClass@26e356f0]" started-at="2024-08-06T23:41:09 IST" name="openBrowser" finished-at="2024-08-06T23:41:13 IST" duration-ms="4148" status="PASS">
          <reporter-output>
          </reporter-output>
        </test-method> <!-- openBrowser -->
        <test-method signature="testOne()[pri:0, instance:pages.RunnerClass@26e356f0]" started-at="2024-08-06T23:41:13 IST" name="testOne" finished-at="2024-08-06T23:41:15 IST" duration-ms="2569" status="PASS">
          <reporter-output>
          </reporter-output>
        </test-method> <!-- testOne -->
        <test-method is-config="true" signature="closeBrowser()[pri:0, instance:pages.RunnerClass@26e356f0]" started-at="2024-08-06T23:41:15 IST" name="closeBrowser" finished-at="2024-08-06T23:41:15 IST" duration-ms="0" status="PASS">
          <reporter-output>
          </reporter-output>
        </test-method> <!-- closeBrowser -->
      </class> <!-- pages.RunnerClass -->
    </test> <!-- Default test -->
  </suite> <!-- Default suite -->
</testng-results>
